Unity Player [version: Unity 5.4.2f2_b7e030c65c9b]

netTest.exe caused an Access Violation (0xc0000005)
  in module netTest.exe at 0023:012ab296.

Error occurred at 2016-12-09_143918.
C:\Users\ZappymaxLT\Desktop\gameTech\cs354r-final\netTest.exe, run by ZappymaxLT.
48% memory in use.
0 MB physical memory [0 MB free].
0 MB paging file [0 MB free].
0 MB user address space [3671 MB free].
Read from location 000005d4 caused an access violation.

Context:
EDI:    0x00000000  ESI: 0x044bcbb0  EAX:   0x004fe898
EBX:    0x004390cf  ECX: 0x00000000  EDX:   0x00000002
EIP:    0x012ab296  EBP: 0x004fe884  SegCs: 0x00000023
EFlags: 0x00210287  ESP: 0x004fe880  SegSs: 0x0000002b

Bytes at CS:EIP:
83 bf d4 05 00 00 00 75 07 32 c0 5f 5d c2 04 00 

Stack:
0x004fe880: 01ae2f2d 004fe8b4 01293609 004fe898 -/....O..6)...O.
0x004fe890: 00000003 044bcbb0 666e6f63 00006769 ......K.config..
0x004fe8a0: 7653f90b ffffff8b 00000006 0000000f ..Sv............
0x004fe8b0: 00000000 004fe8bc 012924c7 004fe8d4 ......O..$)...O.
0x004fe8c0: 012925f6 00000002 01294800 00000000 .%)......H).....
0x004fe8d0: 01c69670 004fe8f0 0129485f 00000003 p.....O._H).....
0x004fe8e0: b47ce145 347ce145 004390cf 00000000 E.|.E.|4..C.....
0x004fe8f0: 004fe924 012914d5 044bcbb0 00000003 $.O...)...K.....
0x004fe900: b47ce145 347ce145 004390cf 00000000 E.|.E.|4..C.....
0x004fe910: 00000003 044bcb58 00000000 01c69670 ....X.K.....p...
0x004fe920: 00000000 004fe98c 01292144 00000003 ......O.D!).....
0x004fe930: b47ce145 347ce145 004390cf 00000000 E.|.E.|4..C.....
0x004fe940: 01c69974 00000000 01c69974 00000000 t.......t.......
0x004fe950: 00000001 07c1e0e6 03e56fc0 03e60e30 .........o..0...
0x004fe960: 004fe970 018d80f7 03e56fc0 03e8e4a0 p.O......o......
0x004fe970: 004fe994 01108c23 043c23e8 004fe990 ..O.#....#<...O.
0x004fe980: 00000000 e54fab80 00000000 004fe998 ......O.......O.
0x004fe990: 01292167 00000003 004fe9b4 00ccf381 g!).......O.....
0x004fe9a0: 044bcb58 00000000 00000000 03e56fc0 X.K..........o..
0x004fe9b0: 00000000 004fe9d4 00eb97df 00000000 ......O.........
0x004fe9c0: 00000006 00000000 fffffffe 004fea1c ..............O.
0x004fe9d0: 00f51e90 004fea1c 00f51c02 00000000 ......O.........
0x004fe9e0: 00000001 00000000 00000001 00f51950 ............P...
0x004fe9f0: 77692f60 a62bb0f2 000004b0 00000000 `/iw..+.........
0x004fea00: 7767a843 021ec890 00000000 0000001c C.gw............
0x004fea10: 00000001 00000f08 00000000 004fea48 ............H.O.
0x004fea20: 7655d2b3 001a2466 00000006 00000001 ..Uvf$..........
0x004fea30: 00000000 00000001 dcbaabcd 00f51950 ............P...
0x004fea40: 00000000 00000001 004feb30 7653e88a ........0.O...Sv
0x004fea50: 00f51950 001a2466 00000006 00000001 P...f$..........
0x004fea60: 00000000 a62bb22e 00000000 00000000 ......+.........
0x004fea70: 00000006 00000080 00000040 7468c683 ........@.....ht
0x004fea80: 73dd76a0 004fec24 00000000 76547d89 .v.s$.O......}Tv
0x004fea90: 00000000 00000024 00000001 00000000 ....$...........
0x004feaa0: 00000000 00000070 ffffffff ffffffff ....p...........
0x004feab0: 00000024 00000001 00000000 00000000 $...............
0x004feac0: 00000030 ffffffff ffffffff 7653e71c 0.............Sv
0x004fead0: 00000000 00000000 00000000 00000000 ................
0x004feae0: 00000000 00000000 00f51950 00000000 ........P.......
0x004feaf0: 01fd09f8 00000000 80000011 00000000 ................
0x004feb00: 00000000 80000011 00000000 00000001 ................
0x004feb10: 001a2466 a62bb22e 004feb5c 004fe2b0 f$....+.\.O...O.
0x004feb20: 004feb80 765615b0 d03916de 00000000 ..O...Vv..9.....
0x004feb30: 004feb90 7653e4c0 00f51950 00000000 ..O...SvP.......
0x004feb40: 00000006 00000001 00000000 0035d000 ..............5.
0x004feb50: 00000001 a62bb28e 004fecf8 776d1bf0 ......+...O...mw
0x004feb60: 00000000 00000000 00000000 00000000 ................
0x004feb70: 001a2466 00000000 004feb54 004fe2b0 f$......T.O...O.
0x004feb80: 004febe0 765615b0 d03916be fffffffe ..O...Vv..9.....
0x004feb90: 004febd0 76548b09 021ec720 00000000 ..O...Tv .......
0x004feba0: 00000006 00000001 00000000 00f51950 ............P...
0x004febb0: 00000104 00000000 00000000 00000000 ................
0x004febc0: 004febd4 00000000 00000000 a62bb2ce ..O...........+.
0x004febd0: 004fec3c 776c0006 004febec 00000020 <.O...lw..O. ...
0x004febe0: 004fecbc 776bff50 004fec10 021ec720 ..O.P.kw..O. ...
0x004febf0: 00000000 00000006 00000001 00000000 ................
0x004fec00: 00f51950 776d1bf0 00000000 748a249c P.....mw.....$.t
0x004fec10: 76546ad7 004fecf8 00000000 00000104 .jTv..O.........
0x004fec20: 00000104 00000002 022add80 0035d000 ..........*...5.
0x004fec30: 01100100 00000102 004fede8 004fec74 ..........O.t.O.
0x004fec40: 76546a6d 00000104 00000104 00000002 mjTv............
0x004fec50: 00000000 004ff000 004fecf8 004ff000 ......O...O...O.
0x004fec60: 022add80 0035d000 022add80 0035d000 ..*...5...*...5.
0x004fec70: 004fec84 004feccc 768f08f6 004fecf8 ..O...O....v..O.
0x004fec80: 00000000 00000104 00000104 00000002 ................
0x004fec90: 97b3057d 004ff000 00000000 00000003 }.....O.........
0x004feca0: 022add80 0035d000 01000000 004ff000 ..*...5.......O.
0x004fecb0: 00000000 004fec90 00000000 004fed68 ......O.....h.O.
0x004fecc0: 7693ff90 e15cef41 00000000 004fed18 ...vA.\.......O.
0x004fecd0: 768f09c7 004fecf8 00000000 00000104 ...v..O.........
0x004fece0: 00000104 00000002 004ff000 004ff000 ..........O...O.
0x004fecf0: 00000002 19b6189f fffffffe 004fed64 ............d.O.
0x004fed00: 748a24ac 765485f6 00005cff 76548600 .$.t..Tv.\....Tv
0x004fed10: a62bb40a 97b304a9 004fed78 768f0c18 ..+.....x.O....v
0x004fed20: 97b304c9 2404cb21 004ff000 00000002 ....!..$..O.....
0x004fed30: 00005dff 00000000 000000ac 00000748 .]..........H...
0x004fed40: 000007d0 000000ac 6fc1c163 00000154 ........c..oT...
0x004fed50: 004ff000 004ff618 04010001 97b304c9 ..O...O.........
0x004fed60: 004fed20 004fed9c 004ff618 7693ff90  .O...O...O....v
0x004fed70: e15ceea9 fffffffe 004fed9c 768f10cc ..\.......O....v
0x004fed80: 00795af8 0ebd2c40 004ff000 00000000 .Zy.@,....O.....
0x004fed90: 2404cb21 000003e8 97b3042d 004fee5c !..$....-...\.O.
0x004feda0: 768de641 004fede8 00000002 004fede0 A..v..O.......O.
0x004fedb0: 00795af8 00773c98 0eb8b8d8 00795af8 .Zy..<w......Zy.
0x004fedc0: 004feebc 00795af8 00000002 0ebcf91c ..O..Zy.........
0x004fedd0: 00000000 004ff12c 00000000 0ebd2c40 ....,.O.....@,..
0x004fede0: ffffffff 004ff000 00000748 000007d0 ......O.H.......
0x004fedf0: 768e60b8 00000000 00000000 00000000 .`.v............
0x004fee00: 00000000 11d22e00 00000000 00000000 ................
0x004fee10: 00000000 00000000 00000000 00000000 ................
0x004fee20: 00000000 00000000 00000000 00000000 ................
0x004fee30: 00000000 00000000 00000000 00000000 ................
0x004fee40: 00000000 423ec01e 11d22e35 100004b6 ......>B5.......
0x004fee50: fd3e704b 97b3040d 00000000 004fef70 Kp>.........p.O.
0x004fee60: 768efbf6 0ebcf91c 768efa50 004ff12c ...v....P..v,.O.
0x004fee70: 00795af8 0d22b9a8 004ff104 7423dad2 .Zy..."...O...#t
0x004fee80: 004ff12c 00000000 004ff12c 76834918 ,.O.....,.O..I.v
0x004fee90: 00000000 00000000 2404c91e 00000000 ...........$....
0x004feea0: 0d22ba4c ffffffff ffffffff 00000000 L.".............
0x004feeb0: 00000000 00000000 0d22ba54 7423f640 ........T.".@.#t
0x004feec0: 00000000 0ece8e68 423ec01e 11d22e35 ....h.....>B5...
0x004feed0: 100004b6 fd3e704b 0d22ba50 00000000 ....Kp>.P.".....
0x004feee0: efb10d69 004fef84 00000000 0ece8e50 i.....O.....P...
0x004feef0: 00008000 0d22b938 0d22b880 00000000 ....8."...".....
0x004fef00: 0d22b9a8 0d22b880 00000000 004fef84 .."...".......O.
0x004fef10: 7423c0a8 0d22b9a8 004fef34 7768ae10 ..#t..".4.O...hw
0x004fef20: 7775d508 00001008 00000003 0077de30 ..uw........0.w.
0x004fef30: 00794a48 004fef3c 00000003 762f16e0 HJy.<.O......./v
0x004fef40: 004fef5c 74c7103a 00000003 00000000 \.O.:..t........
0x004fef50: 00773c98 74c71046 62f75ee3 004fef94 .<w.F..t.^.b..O.
0x004fef60: 74c70fe0 74c70fc7 62f75e2b 97b307c5 ...t...t+^.b....
0x004fef70: 004ff0e0 768ef4df 004ff12c 004ff104 ..O....v,.O...O.
0x004fef80: 00795af8 004ff218 004ff12c 16689baf .Zy...O.,.O...h.
0x004fef90: 00000000 004ff12c 004ff104 00000000 ....,.O...O.....
0x004fefa0: 00773c98 00000000 768e56e3 0eb164d8 .<w......V.v.d..
0x004fefb0: 00000000 00000030 00795af8 00773c98 ....0....Zy..<w.
0x004fefc0: 768e57f1 004ff12c 6c1474e8 00000001 .W.v,.O..t.l....
0x004fefd0: 00000000 0d299ae0 00773c98 00000000 ......)..<w.....
0x004fefe0: 00000000 0ebcf91c 00000000 768f0170 ............p..v
0x004feff0: 0eb164d0 00000000 00000040 00000000 .d......@.......
0x004ff000: 76834b7c 01000000 00000000 00000000 |K.v............
0x004ff010: 00000000 00000000 80010115 00000000 ................
0x004ff020: 00000000 00000000 00000000 7694b760 ............`..v
0x004ff030: 00000000 00000000 00005dff 27121d74 .........]..t..'
0x004ff040: 40ee93f3 2235a29a 514e8ef7 00000010 ...@..5"..NQ....
0x004ff050: 00000000 004ff12c 2404c91e 00000203 ....,.O....$....
0x004ff060: 00000000 00000001 00000000 0ec848b0 .............H..
0x004ff070: 00000000 00000000 00000000 00000000 ................
0x004ff080: 00000000 10000bb6 fd3e704b 97b319cd ........Kp>.....
0x004ff090: 004ff0b0 004feff0 00000000 00000000 ..O...O.........
0x004ff0a0: 00000000 00000000 00000000 00000000 ................
0x004ff0b0: 00000000 00000000 00000000 00000000 ................
0x004ff0c0: 74215ae7 423ec01e 11d22e35 100004b6 .Z!t..>B5.......
0x004ff0d0: fd3e704b 97b30605 00000000 97b3063d Kp>.........=...
0x004ff0e0: 004ff10c 76853015 004ff12c 004ff104 ..O..0.v,.O...O.
0x004ff0f0: 004ff66c 004ff358 76852f40 00795af8 l.O.X.O.@/.v.Zy.
0x004ff100: 004ff12c 00000000 97b318bd 004ff628 ,.O.........(.O.
0x004ff110: 74215a9a 0eb9a654 004ff218 efb115a5 .Z!tT.....O.....
0x004ff120: 76942770 004ff660 0d21586c 00795af8 p'.v`.O.lX!..Zy.
0x004ff130: 00000010 00000000 00000018 00008003 ................
0x004ff140: 00000000 0ece8e50 00000000 00000004 ....P...........
0x004ff150: 004fdf70 00000000 0d215814 004ff4f8 p.O......X!...O.
0x004ff160: 00000000 0035f000 00000000 00000000 ......5.........
0x004ff170: 00000000 00000000 00795318 00000000 .........Sy.....
0x004ff180: 00000000 00000000 00000000 7683afc8 ...............v
0x004ff190: 768639ce 004ff218 004ff218 00000000 .9.v..O...O.....
0x004ff1a0: 6c1468d4 004ff218 004ff66c 00000000 .h.l..O.l.O.....
0x004ff1b0: 0035f000 004ff5ac 00000000 004ff218 ..5...O.......O.
0x004ff1c0: 00000000 0eb164fc 0eb164a8 00000000 .....d...d......
0x004ff1d0: 00795318 00000000 00000000 00000000 .Sy.............
0x004ff1e0: 00000000 7683afc8 00000000 00000000 .......v........
0x004ff1f0: 00000007 00000000 00795318 00000000 .........Sy.....
0x004ff200: 00000000 00000000 6c149920 6c149850 ........ ..lP..l
0x004ff210: 00000000 00000001 004ff12c 0eb16528 ........,.O.(e..
0x004ff220: 00000000 00000000 0eb16510 00000054 .........e..T...
0x004ff230: 00000000 00000000 00000001 00000000 ................
0x004ff240: 00000000 00000000 00000000 00000000 ................
0x004ff250: 00000002 00000000 00000000 00000000 ................
0x004ff260: 6c149920 6c149850 004ff660 00000000  ..lP..l`.O.....
0x004ff270: 00000000 00000000 6c1418d8 00000000 ...........l....
0x004ff280: 00000000 00000000 00000140 00000000 ........@.......
0x004ff290: 00000000 00000000 00000000 0ece82a8 ................
0x004ff2a0: 00000000 00000000 00000000 00000000 ................
0x004ff2b0: 00000000 00000003 004fe0d8 00000000 ..........O.....
0x004ff2c0: 004ff400 004ff660 00000000 00000000 ..O.`.O.........
0x004ff2d0: 00000000 00000000 00000000 004ff358 ............X.O.
0x004ff2e0: 00000000 00000000 00000000 00000000 ................
0x004ff2f0: 00000000 004ff1c0 00000003 0ec570d0 ......O......p..
0x004ff300: 00795354 0000006c 00000001 00000000 TSy.l...........
0x004ff310: 6c14672a 6c14503a 004ff608 004ff66c *g.l:P.l..O.l.O.
0x004ff320: 00000000 6c14502c 00000000 7422f540 ....,P.l....@."t
0x004ff330: 00000000 004ff358 00000000 00000000 ....X.O.........
0x004ff340: 0eb9a654 00000000 6c144ff8 004ff218 T........O.l..O.
0x004ff350: 00000003 00000010 8a885d04 0000006c .........]..l...
0x004ff360: 6c144fea 6c144fe0 00000007 6c144ff8 .O.l.O.l.....O.l
0x004ff370: 004ff660 00000233 00000000 6c144fea `.O.3........O.l
0x004ff380: 6c14672a 00000022 00000000 00000000 *g.l"...........
0x004ff390: 00000000 00000001 00000020 00000000 ........ .......
0x004ff3a0: 00000000 00000000 00000000 74252340 ............@#%t
0x004ff3b0: 00000000 00000000 00000000 00000000 ................
0x004ff3c0: 7424f2b0 7424f3a0 00000000 00000000 ..$t..$t........
0x004ff3d0: 00000000 00000000 00000000 00000000 ................
0x004ff3e0: 00000000 00000000 00000000 004ff590 ..............O.
0x004ff3f0: 004ff3f0 004ff3f0 00000068 00000000 ..O...O.h.......
0x004ff400: 004ff400 004ff400 00000017 00000000 ..O...O.........
0x004ff410: 004ff410 004ff410 000001f8 b4c42649 ..O...O.....I&..
0x004ff420: 004ff730 0d215870 742125fc 004ff0b0 0.O.pX!..%!t..O.
0x004ff430: 004ff1f0 0ebcf55c 00000000 00000000 ..O.\...........
0x004ff440: 00000000 0eb9a728 0eb9a72c 004ff4b4 ....(...,.....O.
0x004ff450: 0ec78a88 004ff5ac 0eb8b8d8 00000000 ......O.........
0x004ff460: 768d5f37 7694b760 008596e8 0eb9a3e8 7_.v`..v........
0x004ff470: 0eb9a648 00000064 004ff4ac 77697a71 H...d.....O.qziw
0x004ff480: 00760000 0eb9a648 0eb9a650 7424e8f9 ..v.H...P.....$t
0x004ff490: efb11719 004ff4e0 768d388a 0eb9a3e8 ......O..8.v....
0x004ff4a0: 000b0004 00000008 008596e8 004ff4d0 ..............O.
0x004ff4b0: 7769799d 004ff5ac 004ff570 768cfa20 .yiw..O.p.O. ..v
0x004ff4c0: 00000000 004ff5ac 0ebcf55c 76863962 ......O.\...b9.v
0x004ff4d0: 76a07098 004ff4e4 768f0377 76a070ac .p.v..O.w..v.p.v
0x004ff4e0: 00000000 004ff538 768d1310 7685f694 ....8.O....v...v
0x004ff4f0: 00001588 97fce9b1 004ff5a4 0ebcf55c ..........O.\...
0x004ff500: 768d1320 00000001 0eb9a688 004ff5a4  ..v..........O.
0x004ff510: 004ff5a8 004ff5ac 00000000 004ff5bc ..O...O.......O.
0x004ff520: 0eb9a680 00000000 00000000 0ebcf55c ............\...
0x004ff530: 00000000 0ebcf55c 00000000 776bf9ec ....\.........kw
0x004ff540: 767e9980 00822658 00000010 00822658 ..~vX&......X&..
0x004ff550: 00000000 004ff5b0 767e976f 008226c0 ......O.o.~v.&..
0x004ff560: 00000010 004ff634 767e977f 00000000 ....4.O...~v....
0x004ff570: 008226b0 004ff644 00000059 00000000 .&..D.O.Y.......
0x004ff580: 00000000 004ff5d0 008226c0 00000000 ......O..&......
0x004ff590: 004ff598 004ff59c 004ff5a4 62f7443f ..O...O...O.?D.b
0x004ff5a0: 768d6b6a 0eb9a72c 768d5820 0d215824 jk.v,... X.v$X!.
0x004ff5b0: 7694b860 768d5888 0ebcf558 00000001 `..v.X.vX.......
0x004ff5c0: 0d2157e8 004ff634 00000000 fffffffe .W!.4.O.........
0x004ff5d0: 00000001 00000002 97b31c6d 004ff5f0 ........m.....O.
0x004ff5e0: 7685135f 0ebcf5fc 7685136a 97b31c41 _..v....j..vA...
0x004ff5f0: 004ff604 7424e93e 0eb9a72c 7424e949 ..O.>.$t,...I.$t
0x004ff600: efb11589 004ff654 6c0a414e efb115a5 ....T.O.NA.l....
0x004ff610: 004ff11c 004ff740 004ff6b0 74254aa0 ..O.@.O...O..J%t
0x004ff620: 9bd543ad 00000001 004ff648 76853a90 .C......H.O..:.v
0x004ff630: 6c1418d8 6c144fe0 004ff660 004ff744 ...l.O.l`.O.D.O.
0x004ff640: 0d215870 00000020 004ff658 7694275f pX!. ...X.O._'.v
0x004ff650: 004ff660 00000003 004ff6bc 6c099653 `.O.......O.S..l
0x004ff660: 0eb9a654 0d215814 ffffffff 00000001 T....X!.........
0x004ff670: 004ff744 004ff6a4 004ff6a8 9c779f24 D.O...O...O.$.w.
0x004ff680: 0389d908 01a54bb4 00000000 03575610 .....K.......VW.
0x004ff690: 004ff6a8 00da556f 0389d900 0389d900 ..O.oU..........
0x004ff6a0: 01cb0000 00000000 00000000 9c779f24 ............$.w.
0x004ff6b0: 004ffd64 6c0a7b58 ffffffff 004ff734 d.O.X{.l....4.O.
0x004ff6c0: 00db532f 0d215870 ffffffff 00000001 /S..pX!.........
0x004ff6d0: 004ff740 004ff744 00000010 00000010 @.O.D.O.........
0x004ff6e0: 00000000 00c9fc24 038ca530 004ff76c ....$...0...l.O.
0x004ff6f0: 0000000e 00000018 004ff76c 0000000a ........l.O.....
0x004ff700: 038ca530 004ff76c 004ff6f4 004ff76c 0...l.O...O.l.O.
0x004ff710: 00000018 004ff734 00caec14 00000000 ....4.O.........
0x004ff720: 00000000 00000000 00000010 0eb049e0 .............I..
0x004ff730: 0d215870 004ff78c 00db55c7 004ff750 pX!...O..U..P.O.
0x004ff740: 00000000 00000000 044bcbb0 00000000 ..........K.....
0x004ff750: 35444335 4c343333 30004631 00004a53 5CD5334L1F.0SJ..
0x004ff760: 0000000a 0000000f 03864070 038ca530 ........p@..0...
0x004ff770: 38313051 3059384a 00004a53 00000018 Q018J8Y0SJ......
0x004ff780: 0000001f 004ff880 0eb049e0 004ff880 ......O..I....O.
0x004ff790: 012934f5 00000010 044bcbb0 00000000 .4).......K.....
0x004ff7a0: 004ff7b8 00da5185 0387bf70 00000010 ..O..Q..p.......
0x004ff7b0: 00000010 01cb0000 004ff7f0 342e3575 ..........O.u5.4
0x004ff7c0: 3266322e 00000000 0000002f 00000008 .2f2..../.......
0x004ff7d0: 0000000f 00000000 03864070 00da7292 ........p@...r..
0x004ff7e0: 00000030 00000010 00000020 0000002f 0....... .../...
0x004ff7f0: 004ff810 646e6957 5073776f 6579616c ..O.WindowsPlaye
0x004ff800: 00000072 0000000d 0000000f 0000004b r...........K...
0x004ff810: 03864070 00c9f599 00000030 00000010 p@......0.......
0x004ff820: 00000020 0000002f 01a3eea8 0000004b  .../.......K...
0x004ff830: 004ff864 00c9fbc6 00000030 00000000 d.O.....0.......
0x004ff840: 00000024 044bcbc0 342e3500 3266322e $.....K..5.4.2f2
0x004ff850: 044bcb00 004ff840 00000000 0000000f ..K.@.O.........
0x004ff860: 004ff880 0387bf00 0387bf70 03864040 ..O.....p...@@..
0x004ff870: 00000024 00000000 0000000f 00000000 $...............
0x004ff880: 004ff888 012924ba 004ff898 01292f97 ..O..$)...O../).
0x004ff890: 00000001 044bcbb0 004ff90c 0129471b ......K...O..G).
0x004ff8a0: 004ff8b0 00000001 044bcbb0 004390cf ..O.......K...C.
0x004ff8b0: 03864040 044bcb58 00000000 01c3f548 @@..X.K.....H...
0x004ff8c0: 00000024 0000002f 00f4eb00 00000000 $.../...........
0x004ff8d0: 00000000 00000005 00000000 00000000 ................
0x004ff8e0: 0000000f e54fa67d 00000100 00000000 ....}.O.........
0x004ff8f0: 004ff965 00000010 00000000 0000000f e.O.............
0x004ff900: 01c3f624 044bcbb0 004ff91c 004ff91c $.....K...O...O.
0x004ff910: 012947e5 00000000 01c69670 004ff938 .G).....p...8.O.
0x004ff920: 0129485f 00000001 b47ce145 347ce145 _H).....E.|.E.|4
0x004ff930: 004390cf 00000000 004ff96c 012914d5 ..C.....l.O...).
0x004ff940: 044bcbb0 00000001 b47ce145 347ce145 ..K.....E.|.E.|4
0x004ff950: 004390cf 00000000 01ae2de5 044bcb58 ..C......-..X.K.
0x004ff960: 00000000 01c69670 00000000 004ff9d4 ....p.........O.
0x004ff970: 01292144 00000001 b47ce145 347ce145 D!).....E.|.E.|4
0x004ff980: 004390cf 00000000 00000002 00000003 ..C.............
0x004ff990: 01c66350 0387bf00 00000000 00000008 Pc..............
0x004ff9a0: 00000004 00000000 0000000f 00000002 ................
0x004ff9b0: 0387bf70 004ff9a4 004ffd64 00000000 p.....O.d.O.....
0x004ff9c0: 00000024 0000002f 004ff9e4 e54fa961 $.../.....O.a.O.
0x004ff9d0: 00000000 004ff9e0 0129229a 00000001 ......O..").....
0x004ff9e0: 004ffa08 00edefa0 044bcb58 ffffffbc ..O.....X.K.....
0x004ff9f0: 03e8cb30 00000002 03e8cb30 03847a01 0.......0....z..
0x004ffa00: 03e8caa0 01c6632c 004ffa70 00edfcaf ....,c..p.O.....
0x004ffa10: ffffffbc 03e8cb30 00000002 03847a40 ....0.......@z..
0x004ffa20: 03e8caa0 03847a01 03872a90 03872a90 .....z...*...*..
0x004ffa30: 00000000 03e8caf4 004ffa4c 03872ab0 ........L.O..*..
0x004ffa40: 00000000 03872a90 00000000 004ffa5c .....*......\.O.
0x004ffa50: 00da68f0 03872a90 00000008 004ffa94 .h...*........O.
0x004ffa60: 00ca8700 03872a90 03e8caa0 03e8caa0 .....*..........
0x004ffa70: 004ffa94 00edfe6f 03847a40 03e8caa0 ..O.o...@z......
0x004ffa80: 00edeb9a 00000010 03847a40 00000001 ........@z......
0x004ffa90: 03847a40 004ffab4 00edec2a 00000002 @z....O.*.......
0x004ffaa0: 7fffffff 00000010 03e8caa0 00000000 ................
0x004ffab0: 00000001 004ffac4 00d881f1 0000000f ......O.........
0x004ffac0: 03ea2e90 004ffb58 00ebadec 004ffaf0 ....X.O.......O.
0x004ffad0: 004ffb0c 004ffb28 004ffb44 00000000 ..O.(.O.D.O.....
0x004ffae0: 00000002 76552480 76546760 00000004 .....$Uv`gTv....
0x004ffaf0: 03872b30 004ffb2c 00d11094 004ffb2c 0+..,.O.....,.O.
0x004ffb00: 0000001d 0000001f 01c6dbcc 6576656c ............leve
0x004ffb10: 0000306c 00000000 00000000 00000006 l0..............
0x004ffb20: 0000000f 00000000 03872b10 004ffb48 .........+..H.O.
0x004ffb30: 00d87286 03872b30 00000014 0000001f .r..0+..........
0x004ffb40: 00000000 00000000 00000000 00000000 ................
0x004ffb50: 00000000 76546760 004ffb94 00ebae92 ....`gTv..O.....
0x004ffb60: 00000000 00f51852 00f52079 00000000 ....R...y ......
0x004ffb70: 00000001 001a2466 000000ff 00000001 ....f$..........
0x004ffb80: 14c72189 2404c68e 00000324 00000154 .!.....$$...T...
0x004ffb90: 0000079c 004ffccc 00f540ae 0137dbdb ......O..@....7.
0x004ffba0: 00000000 0035c000 03833bc0 01c0003f ......5..;..?...
0x004ffbb0: 000001ff 00000000 00000047 0000004f ........G...O...
0x004ffbc0: 00000fff 03833b70 7fffffff 00b01d80 ....p;..........
0x004ffbd0: 01b83de0 0000004c 0000004f 0139c580 .=..L...O.....9.
0x004ffbe0: 00b01d80 01b83de0 00000010 00000010 .....=..........
0x004ffbf0: 7fffffff 00000000 01c3f548 00b019b0 ........H.......
0x004ffc00: 00000010 004ffc00 004ffc38 01399240 ......O.8.O.@.9.
0x004ffc10: 00b01d80 01b83de0 03833d50 004ffc28 .....=..P=..(.O.
0x004ffc20: 7fffffff 00000000 0000004d 0000004f ........M...O...
0x004ffc30: 00b005a8 0382ba10 004ffc68 0138a72c ........h.O.,.8.
0x004ffc40: 00b01d80 0000003e 0000003f 004ffb88 ....>...?.....O.
0x004ffc50: 616e614d 00646567 6c65746e 00000000 Managed.ntel....
0x004ffc60: 00000007 0000000f 004ffc74 0382b990 ........t.O.....
0x004ffc70: 0382b9c8 0382b9c8 00000014 03574040 ............@@W.
0x004ffc80: 65646900 646e6957 6c00776f 004f006c .ideWindow.ll.O.
0x004ffc90: 00000000 0000000f 00000000 00000000 ................
0x004ffca0: 65726100 5748746e 0100444e 0076405e .arentHWND..^@v.
0x004ffcb0: 00000000 0000000f 00000000 03574040 ............@@W.
0x004ffcc0: 03574080 00000000 00100801 004ffce4 .@W...........O.
0x004ffcd0: 0134e478 00c90000 00000000 00764060 x.4.........`@v.
0x004ffce0: 00000001 004ffd74 0137db88 00c90000 ....t.O...7.....
0x004ffcf0: 00000000 00764060 00000001 9e7a1271 ....`@v.....q.z.
0x004ffd00: 0137dbdb 0137dbdb 0035c000 00000044 ..7...7...5.D...
0x004ffd10: 0076233e 0076231e 007622a2 00000000 >#v..#v.."v.....
0x004ffd20: 00000000 00000000 00000000 00000000 ................
0x004ffd30: 00000000 00000000 00000401 00000001 ................
0x004ffd40: 00000000 00000000 00010001 00000000 ................
0x004ffd50: 004ffd60 0137dbdb 00000000 004ffcfc `.O...7.......O.
0x004ffd60: fe4ef0de 004ffdc0 0137f500 9f8ad4bd ..N...O...7.....
0x004ffd70: 00000000 004ffd88 761562c4 0035c000 ......O..b.v..5.
0x004ffd80: 761562a0 3e92475c 004ffdd0 776b0719 .b.v\G.>..O...kw
0x004ffd90: 0035c000 9e62b06e 00000000 00000000 ..5.n.b.........
0x004ffda0: 0035c000 00000000 00000000 00000000 ..5.............
0x004ffdb0: 00000000 9e62b06e 004ffd94 00000000 ....n.b...O.....
0x004ffdc0: 004ffdd8 776c5ef0 e9593016 00000000 ..O..^lw.0Y.....
0x004ffdd0: 004ffde0 776b06e4 ffffffff 776d263e ..O...kw....>&mw
0x004ffde0: 00000000 00000000 0137dbdb 0035c000 ..........7...5.
0x004ffdf0: 00000000 00000000 00000000 00000000 ................
0x004ffe00: 00000000 00000000 00000000 00000000 ................
0x004ffe10: 00000000 00000000 00000000 00000000 ................
0x004ffe20: 00000000 00000000 00000000 00000000 ................
0x004ffe30: 00000000 00000000 00000000 00000000 ................
0x004ffe40: 00000000 00000000 00000000 00000000 ................
0x004ffe50: 00000000 00000000 00000000 00000000 ................
0x004ffe60: 00000000 00000000 00000000 00000000 ................
0x004ffe70: 00000000 00000000 00000000 00000000 ................
0x004ffe80: 00000000 00000000 00000000 00000000 ................
0x004ffe90: 00000000 00000000 00000000 00000000 ................
0x004ffea0: 00000000 00000000 00000000 00000000 ................
0x004ffeb0: 00000000 00000000 00000000 00000000 ................
0x004ffec0: 00000000 00000000 00000000 00000000 ................
0x004ffed0: 00000000 00000000 00000000 00000000 ................
0x004ffee0: 00000000 00000000 00000000 00000000 ................
0x004ffef0: 00000000 00000000 00000000 00000000 ................
0x004fff00: 00000000 00000000 00000000 00000000 ................
0x004fff10: 00000000 00000000 00000000 00000000 ................
0x004fff20: 00000000 00000000 00000000 00000000 ................
0x004fff30: 00000000 00000000 00000000 00000000 ................
0x004fff40: 00000000 00000000 00000000 00000000 ................
0x004fff50: 00000000 00000000 00000000 00000000 ................
0x004fff60: 00000000 00000000 00000000 00000000 ................
0x004fff70: 00000000 00000000 00000000 00000000 ................
0x004fff80: 00000000 00000000 00000000 00000000 ................
0x004fff90: 00000000 00000000 00000000 00000000 ................
0x004fffa0: 00000000 00000000 00000000 00000000 ................
0x004fffb0: 00000000 00000000 00000000 00000000 ................
0x004fffc0: 00000000 00000000 00000000 00000000 ................
0x004fffd0: 00000000 00000000 00000000 00000000 ................
0x004fffe0: 00000000 00000000 00000000 00000000 ................
0x004ffff0: 00000000 00000000 00000000 00000000 ................

Module 1
C:\Users\ZappymaxLT\Desktop\gameTech\cs354r-final\netTest.exe
Image Base: 0x00c90000  Image Size: 0x011b9000
File Size:  17737216    File Time:  2016-10-20_012638
Version:
   Company:    
   Product:    
   FileDesc:   
   FileVer:    5.4.2.57392
   ProdVer:    5.4.2.57392

Module 2
C:\WINDOWS\SYSTEM32\xinput1_3.dll
Image Base: 0x00400000  Image Size: 0x00016000
File Size:  81768       File Time:  2007-04-04_195342
Version:
   Company:    Microsoft Corporation
   Product:    Microsoft® DirectX for Windows®
   FileDesc:   Microsoft Common Controller API
   FileVer:    9.18.944.0
   ProdVer:    9.18.944.0

Module 3
C:\Users\ZappymaxLT\Desktop\gameTech\cs354r-final\netTest_Data\Mono\mono.dll
Image Base: 0x10000000  Image Size: 0x00230000
File Size:  2113496     File Time:  2016-10-20_013136
Version:
   Company:    Unity Technologies
   Product:    libmono
   FileDesc:   Unity Technologies fork of mono runtime
   FileVer:    1.0.0.1
   ProdVer:    1.0.0.1

Module 4
C:\WINDOWS\SYSTEM32\GLU32.dll
Image Base: 0x501f0000  Image Size: 0x00025000
File Size:  141312      File Time:  2016-07-16_054306
Version:
   Company:    Microsoft Corporation
   Product:    Microsoft® Windows® Operating System
   FileDesc:   OpenGL Utility Library DLL
   FileVer:    10.0.14393.0
   ProdVer:    10.0.14393.0

Module 5
C:\WINDOWS\SYSTEM32\DCIMAN32.dll
Image Base: 0x50230000  Image Size: 0x00007000
File Size:  11776       File Time:  2016-07-16_054250
Version:
   Company:    Microsoft Corporation
   Product:    Microsoft® Windows® Operating System
   FileDesc:   DCI Manager
   FileVer:    10.0.14393.0
   ProdVer:    10.0.14393.0

Module 6
C:\WINDOWS\SYSTEM32\DDRAW.dll
Image Base: 0x50590000  Image Size: 0x000ed000
File Size:  548352      File Time:  2016-11-02_044022
Version:
   Company:    Microsoft Corporation
   Product:    Microsoft® Windows® Operating System
   FileDesc:   Microsoft DirectDraw
   FileVer:    10.0.14393.447
   ProdVer:    10.0.14393.447

Module 7
C:\WINDOWS\SYSTEM32\HID.DLL
Image Base: 0x58440000  Image Size: 0x0000a000
File Size:  25600       File Time:  2016-07-16_054250
Version:
   Company:    Microsoft Corporation
   Product:    Microsoft® Windows® Operating System
   FileDesc:   Hid User Library
   FileVer:    10.0.14393.0
   ProdVer:    10.0.14393.0

Module 8
C:\WINDOWS\SYSTEM32\ksuser.dll
Image Base: 0x5e590000  Image Size: 0x00007000
File Size:  20672       File Time:  2016-07-16_054250
Version:
   Company:    Microsoft Corporation
   Product:    Microsoft® Windows® Operating System
   FileDesc:   User CSA Library
   FileVer:    10.0.14393.0
   ProdVer:    10.0.14393.0

Module 9
C:\WINDOWS\SYSTEM32\wdmaud.drv
Image Base: 0x64430000  Image Size: 0x00039000
File Size:  207360      File Time:  2016-07-16_054250
Version:
   Company:    Microsoft Corporation
   Product:    Microsoft® Windows® Operating System
   FileDesc:   Winmm  audio system driver
   FileVer:    10.0.14393.0
   ProdVer:    10.0.14393.0

Module 10
C:\WINDOWS\SYSTEM32\twinapi.dll
Image Base: 0x66120000  Image Size: 0x0006c000
File Size:  422400      File Time:  2016-11-02_042724
Version:
   Company:    Microsoft Corporation
   Product:    Microsoft® Windows® Operating System
   FileDesc:   twinapi
   FileVer:    10.0.14393.447
   ProdVer:    10.0.14393.447

Module 11
C:\WINDOWS\SYSTEM32\igdusc32.dll
Image Base: 0x661e0000  Image Size: 0x00892000
File Size:  4798264     File Time:  2015-07-16_232128
Version:
   Company:    Intel Corporation
   Product:    Intel HD Graphics Drivers for Windows 8(R)
   FileDesc:   Unified Shader Compiler for Intel(R) Graphics Accelerator
   FileVer:    10.18.15.4240
   ProdVer:    10.18.15.4240

Module 12
C:\WINDOWS\SYSTEM32\igd10iumd32.dll
Image Base: 0x66a80000  Image Size: 0x0092f000
File Size:  9625368     File Time:  2015-07-16_232116
Version:
   Company:    Intel Corporation
   Product:    Intel HD Graphics Drivers for Windows 8(R)
   FileDesc:   User Mode Driver for Intel(R) Graphics Technology
   FileVer:    10.18.15.4240
   ProdVer:    10.18.15.4240

Module 13
C:\Windows\System32\uiautomationcore.dll
Image Base: 0x67d60000  Image Size: 0x00152000
File Size:  1358336     File Time:  2016-09-15_105220
Version:
   Company:    Microsoft Corporation
   Product:    Microsoft® Windows® Operating System
   FileDesc:   Microsoft UI Automation Core
   FileVer:    7.2.14393.206
   ProdVer:    10.0.14393.206

Module 14
C:\WINDOWS\SYSTEM32\AVRT.dll
Image Base: 0x682b0000  Image Size: 0x00009000
File Size:  29448       File Time:  2016-07-16_054250
Version:
   Company:    Microsoft Corporation
   Product:    Microsoft® Windows® Operating System
   FileDesc:   Multimedia Realtime Runtime
   FileVer:    10.0.14393.0
   ProdVer:    10.0.14393.0

Module 15
C:\WINDOWS\SYSTEM32\sxs.dll
Image Base: 0x68500000  Image Size: 0x00081000
File Size:  524776      File Time:  2016-07-16_054258
Version:
   Company:    Microsoft Corporation
   Product:    Microsoft® Windows® Operating System
   FileDesc:   Fusion 2.5
   FileVer:    10.0.14393.0
   ProdVer:    10.0.14393.0

Module 16
C:\WINDOWS\SYSTEM32\OPENGL32.dll
Image Base: 0x68660000  Image Size: 0x000e0000
File Size:  786944      File Time:  2016-07-16_054306
Version:
   Company:    Microsoft Corporation
   Product:    Microsoft® Windows® Operating System
   FileDesc:   OpenGL Client DLL
   FileVer:    10.0.14393.0
   ProdVer:    10.0.14393.0

Module 17
C:\WINDOWS\SYSTEM32\twinapi.appcore.dll
Image Base: 0x69360000  Image Size: 0x000f1000
File Size:  975744      File Time:  2016-09-15_112238
Version:
   Company:    Microsoft Corporation
   Product:    Microsoft® Windows® Operating System
   FileDesc:   twinapi.appcore
   FileVer:    10.0.14393.206
   ProdVer:    10.0.14393.206

Module 18
C:\WINDOWS\System32\MMDevApi.dll
Image Base: 0x69770000  Image Size: 0x00058000
File Size:  352768      File Time:  2016-07-16_054250
Version:
   Company:    Microsoft Corporation
   Product:    Microsoft® Windows® Operating System
   FileDesc:   MMDevice API
   FileVer:    10.0.14393.0
   ProdVer:    10.0.14393.0

Module 19
C:\WINDOWS\SYSTEM32\wintypes.dll
Image Base: 0x697d0000  Image Size: 0x000cf000
File Size:  846560      File Time:  2016-10-14_221810
Version:
   Company:    Microsoft Corporation
   Product:    Microsoft® Windows® Operating System
   FileDesc:   Windows Base Types DLL
   FileVer:    10.0.14393.351
   ProdVer:    10.0.14393.351

Module 20
C:\WINDOWS\SYSTEM32\AUDIOSES.DLL
Image Base: 0x698a0000  Image Size: 0x0007b000
File Size:  484584      File Time:  2016-11-02_060138
Version:
   Company:    Microsoft Corporation
   Product:    Microsoft® Windows® Operating System
   FileDesc:   Audio Session
   FileVer:    10.0.14393.447
   ProdVer:    10.0.14393.447

Module 21
C:\WINDOWS\System32\DEVOBJ.dll
Image Base: 0x69950000  Image Size: 0x00022000
File Size:  132232      File Time:  2016-07-16_054256
Version:
   Company:    Microsoft Corporation
   Product:    Microsoft® Windows® Operating System
   FileDesc:   Device Information Set DLL
   FileVer:    10.0.14393.0
   ProdVer:    10.0.14393.0

Module 22
C:\WINDOWS\SYSTEM32\midimap.dll
Image Base: 0x6a760000  Image Size: 0x00008000
File Size:  18944       File Time:  2016-07-16_054250
Version:
   Company:    Microsoft Corporation
   Product:    Microsoft® Windows® Operating System
   FileDesc:   Microsoft MIDI Mapper
   FileVer:    10.0.14393.0
   ProdVer:    10.0.14393.0

Module 23
C:\WINDOWS\SYSTEM32\msacm32.drv
Image Base: 0x6b5f0000  Image Size: 0x0000a000
File Size:  24576       File Time:  2016-07-16_054250
Version:
   Company:    Microsoft Corporation
   Product:    Microsoft® Windows® Operating System
   FileDesc:   Microsoft Sound Mapper
   FileVer:    10.0.14393.0
   ProdVer:    10.0.14393.0

Module 24
C:\WINDOWS\System32\fwpuclnt.dll
Image Base: 0x6bf20000  Image Size: 0x00049000
File Size:  279040      File Time:  2016-07-16_054256
Version:
   Company:    Microsoft Corporation
   Product:    Microsoft® Windows® Operating System
   FileDesc:   FWP/IPsec User-Mode API
   FileVer:    10.0.14393.0
   ProdVer:    10.0.14393.0

Module 25
C:\Windows\System32\rasadhlp.dll
Image Base: 0x6bf70000  Image Size: 0x00008000
File Size:  13312       File Time:  2016-07-16_054302
Version:
   Company:    Microsoft Corporation
   Product:    Microsoft® Windows® Operating System
   FileDesc:   Remote Access AutoDial Helper
   FileVer:    10.0.14393.0
   ProdVer:    10.0.14393.0

Module 26
C:\Program Files (x86)\Bonjour\mdnsNSP.dll
Image Base: 0x6bf80000  Image Size: 0x00021000
File Size:  122128      File Time:  2015-08-12_150338
Version:
   Company:    Apple Inc.
   Product:    Bonjour
   FileDesc:   Bonjour Namespace Provider
   FileVer:    3.1.0.1
   ProdVer:    3.1.0.1

Module 27
C:\WINDOWS\SYSTEM32\dhcpcsvc6.DLL
Image Base: 0x6c040000  Image Size: 0x00013000
File Size:  57344       File Time:  2016-07-16_054256
Version:
   Company:    Microsoft Corporation
   Product:    Microsoft® Windows® Operating System
   FileDesc:   DHCPv6 Client
   FileVer:    10.0.14393.0
   ProdVer:    10.0.14393.0

Module 28
C:\WINDOWS\system32\wbem\fastprox.dll
Image Base: 0x6c070000  Image Size: 0x000c2000
File Size:  779776      File Time:  2016-07-16_054258
Version:
   Company:    Microsoft Corporation
   Product:    Microsoft® Windows® Operating System
   FileDesc:   WMI Custom Marshaller
   FileVer:    10.0.14393.0
   ProdVer:    10.0.14393.0

Module 29
C:\WINDOWS\system32\wbem\wbemsvc.dll
Image Base: 0x6c140000  Image Size: 0x00010000
File Size:  48640       File Time:  2016-07-16_054258
Version:
   Company:    Microsoft Corporation
   Product:    Microsoft® Windows® Operating System
   FileDesc:   WMI
   FileVer:    10.0.14393.0
   ProdVer:    10.0.14393.0

Module 30
C:\WINDOWS\SYSTEM32\wbemcomn.dll
Image Base: 0x6c150000  Image Size: 0x00067000
File Size:  391168      File Time:  2016-07-16_054258
Version:
   Company:    Microsoft Corporation
   Product:    Microsoft® Windows® Operating System
   FileDesc:   WMI
   FileVer:    10.0.14393.0
   ProdVer:    10.0.14393.0

Module 31
C:\WINDOWS\system32\wbem\wbemprox.dll
Image Base: 0x6c1c0000  Image Size: 0x0000d000
File Size:  35328       File Time:  2016-07-16_054258
Version:
   Company:    Microsoft Corporation
   Product:    Microsoft® Windows® Operating System
   FileDesc:   WMI
   FileVer:    10.0.14393.0
   ProdVer:    10.0.14393.0

Module 32
C:\WINDOWS\SYSTEM32\dxgi.dll
Image Base: 0x6cac0000  Image Size: 0x00084000
File Size:  527880      File Time:  2016-07-16_054250
Version:
   Company:    Microsoft Corporation
   Product:    Microsoft® Windows® Operating System
   FileDesc:   DirectX Graphics Infrastructure
   FileVer:    10.0.14393.0
   ProdVer:    10.0.14393.0

Module 33
C:\WINDOWS\SYSTEM32\d3d11.dll
Image Base: 0x6ccd0000  Image Size: 0x0022f000
File Size:  2276736     File Time:  2016-10-14_222050
Version:
   Company:    Microsoft Corporation
   Product:    Microsoft® Windows® Operating System
   FileDesc:   Direct3D 11 Runtime
   FileVer:    10.0.14393.351
   ProdVer:    10.0.14393.351

Module 34
C:\WINDOWS\SYSTEM32\WINMMBASE.dll
Image Base: 0x70450000  Image Size: 0x00023000
File Size:  131208      File Time:  2016-07-16_054250
Version:
   Company:    Microsoft Corporation
   Product:    Microsoft® Windows® Operating System
   FileDesc:   Base Multimedia Extension API DLL
   FileVer:    10.0.14393.0
   ProdVer:    10.0.14393.0

Module 35
C:\WINDOWS\SYSTEM32\MSACM32.dll
Image Base: 0x70550000  Image Size: 0x00018000
File Size:  90912       File Time:  2016-07-16_054250
Version:
   Company:    Microsoft Corporation
   Product:    Microsoft® Windows® Operating System
   FileDesc:   Microsoft ACM Audio Filter
   FileVer:    10.0.14393.0
   ProdVer:    10.0.14393.0

Module 36
C:\WINDOWS\SYSTEM32\WINMM.dll
Image Base: 0x70590000  Image Size: 0x00024000
File Size:  135376      File Time:  2016-07-16_054250
Version:
   Company:    Microsoft Corporation
   Product:    Microsoft® Windows® Operating System
   FileDesc:   MCI API DLL
   FileVer:    10.0.14393.0
   ProdVer:    10.0.14393.0

Module 37
C:\WINDOWS\system32\rsaenh.dll
Image Base: 0x708d0000  Image Size: 0x0002f000
File Size:  184416      File Time:  2016-07-16_054256
Version:
   Company:    Microsoft Corporation
   Product:    Microsoft® Windows® Operating System
   FileDesc:   Microsoft Enhanced Cryptographic Provider
   FileVer:    10.0.14393.0
   ProdVer:    10.0.14393.0

Module 38
C:\WINDOWS\SYSTEM32\CRYPTSP.dll
Image Base: 0x70900000  Image Size: 0x00013000
File Size:  68720       File Time:  2016-07-16_054256
Version:
   Company:    Microsoft Corporation
   Product:    Microsoft® Windows® Operating System
   FileDesc:   Cryptographic Service Provider API
   FileVer:    10.0.14393.0
   ProdVer:    10.0.14393.0

Module 39
C:\WINDOWS\SYSTEM32\DNSAPI.dll
Image Base: 0x70940000  Image Size: 0x0007c000
File Size:  496872      File Time:  2016-09-15_113716
Version:
   Company:    Microsoft Corporation
   Product:    Microsoft® Windows® Operating System
   FileDesc:   DNS Client API DLL
   FileVer:    10.0.14393.206
   ProdVer:    10.0.14393.206

Module 40
C:\WINDOWS\SYSTEM32\NTASN1.dll
Image Base: 0x71f20000  Image Size: 0x0002b000
File Size:  173008      File Time:  2016-07-16_054256
Version:
   Company:    Microsoft Corporation
   Product:    Microsoft® Windows® Operating System
   FileDesc:   Microsoft ASN.1 API
   FileVer:    10.0.14393.0
   ProdVer:    10.0.14393.0

Module 41
C:\WINDOWS\SYSTEM32\dbghelp.dll
Image Base: 0x71f70000  Image Size: 0x00145000
File Size:  1220608     File Time:  2016-07-16_054258
Version:
   Company:    Microsoft
   Product:    Microsoft® Windows® Operating System
   FileDesc:   Windows Image Helper
   FileVer:    10.0.14321.1024
   ProdVer:    10.0.14321.1024

Module 42
C:\WINDOWS\System32\PROPSYS.dll
Image Base: 0x723c0000  Image Size: 0x0014f000
File Size:  1375456     File Time:  2016-07-16_054256
Version:
   Company:    Microsoft Corporation
   Product:    Windows® Search
   FileDesc:   Microsoft Property System
   FileVer:    7.0.14393.0
   ProdVer:    7.0.14393.0

Module 43
C:\WINDOWS\WinSxS\x86_microsoft.windows.common-controls_6595b64144ccf1df_6.0.14393.447_none_89c64d28dafea4b9\comctl32.dll
Image Base: 0x72510000  Image Size: 0x0020a000
File Size:  2122080     File Time:  2016-11-02_050450
Version:
   Company:    Microsoft Corporation
   Product:    Microsoft® Windows® Operating System
   FileDesc:   User Experience Controls Library
   FileVer:    6.10.14393.447
   ProdVer:    10.0.14393.447

Module 44
C:\WINDOWS\SYSTEM32\MSWSOCK.dll
Image Base: 0x727c0000  Image Size: 0x0004e000
File Size:  306016      File Time:  2016-07-16_054256
Version:
   Company:    Microsoft Corporation
   Product:    Microsoft® Windows® Operating System
   FileDesc:   Microsoft Windows Sockets 2.0 Service Provider
   FileVer:    10.0.14393.0
   ProdVer:    10.0.14393.0

Module 45
C:\Windows\System32\OLEACC.dll
Image Base: 0x72bf0000  Image Size: 0x00054000
File Size:  325120      File Time:  2016-09-15_105520
Version:
   Company:    Microsoft Corporation
   Product:    Microsoft® Windows® Operating System
   FileDesc:   Active Accessibility Core Component
   FileVer:    7.2.14393.206
   ProdVer:    10.0.14393.206

Module 46
C:\WINDOWS\SYSTEM32\bcrypt.dll
Image Base: 0x72c50000  Image Size: 0x0001b000
File Size:  106896      File Time:  2016-07-16_054256
Version:
   Company:    Microsoft Corporation
   Product:    Microsoft® Windows® Operating System
   FileDesc:   Windows Cryptographic Primitives Library
   FileVer:    10.0.14393.0
   ProdVer:    10.0.14393.0

Module 47
C:\WINDOWS\SYSTEM32\dhcpcsvc.DLL
Image Base: 0x72ed0000  Image Size: 0x00014000
File Size:  63488       File Time:  2016-07-16_054256
Version:
   Company:    Microsoft Corporation
   Product:    Microsoft® Windows® Operating System
   FileDesc:   DHCP Client Service
   FileVer:    10.0.14393.0
   ProdVer:    10.0.14393.0

Module 48
C:\WINDOWS\SYSTEM32\VERSION.dll
Image Base: 0x72ef0000  Image Size: 0x00008000
File Size:  27360       File Time:  2016-07-16_054306
Version:
   Company:    Microsoft Corporation
   Product:    Microsoft® Windows® Operating System
   FileDesc:   Version Checking and File Installation Libraries
   FileVer:    10.0.14393.0
   ProdVer:    10.0.14393.0

Module 49
C:\WINDOWS\SYSTEM32\IPHLPAPI.DLL
Image Base: 0x72f00000  Image Size: 0x0002f000
File Size:  184416      File Time:  2016-07-16_054256
Version:
   Company:    Microsoft Corporation
   Product:    Microsoft® Windows® Operating System
   FileDesc:   IP Helper API
   FileVer:    10.0.14393.0
   ProdVer:    10.0.14393.0

Module 50
C:\WINDOWS\SYSTEM32\WINHTTP.dll
Image Base: 0x72f30000  Image Size: 0x000a0000
File Size:  636928      File Time:  2016-10-14_214418
Version:
   Company:    Microsoft Corporation
   Product:    Microsoft® Windows® Operating System
   FileDesc:   Windows HTTP Services
   FileVer:    10.0.14393.351
   ProdVer:    10.0.14393.351

Module 51
C:\Windows\System32\USERENV.dll
Image Base: 0x72fd0000  Image Size: 0x0001a000
File Size:  94568       File Time:  2016-07-16_054256
Version:
   Company:    Microsoft Corporation
   Product:    Microsoft® Windows® Operating System
   FileDesc:   Userenv
   FileVer:    10.0.14393.0
   ProdVer:    10.0.14393.0

Module 52
C:\WINDOWS\SYSTEM32\ncrypt.dll
Image Base: 0x730b0000  Image Size: 0x00020000
File Size:  120384      File Time:  2016-07-16_054256
Version:
   Company:    Microsoft Corporation
   Product:    Microsoft® Windows® Operating System
   FileDesc:   Windows NCrypt Router
   FileVer:    10.0.14393.0
   ProdVer:    10.0.14393.0

Module 53
C:\WINDOWS\SYSTEM32\ntmarta.dll
Image Base: 0x73940000  Image Size: 0x00028000
File Size:  154432      File Time:  2016-07-16_054256
Version:
   Company:    Microsoft Corporation
   Product:    Microsoft® Windows® Operating System
   FileDesc:   Windows NT MARTA provider
   FileVer:    10.0.14393.0
   ProdVer:    10.0.14393.0

Module 54
C:\WINDOWS\system32\dwmapi.dll
Image Base: 0x73ce0000  Image Size: 0x0001f000
File Size:  113504      File Time:  2016-09-15_111352
Version:
   Company:    Microsoft Corporation
   Product:    Microsoft® Windows® Operating System
   FileDesc:   Microsoft Desktop Window Manager API
   FileVer:    10.0.14393.206
   ProdVer:    10.0.14393.206

Module 55
C:\Program Files (x86)\Common Files\Microsoft Shared\Ink\tiptsf.dll
Image Base: 0x73dc0000  Image Size: 0x0007b000
File Size:  491872      File Time:  2016-09-15_111812
Version:
   Company:    Microsoft Corporation
   Product:    Microsoft® Windows® Operating System
   FileDesc:   Touch Keyboard and Handwriting Panel Text Services Framework
   FileVer:    10.0.14393.206
   ProdVer:    10.0.14393.206

Module 56
C:\WINDOWS\system32\uxtheme.dll
Image Base: 0x73f10000  Image Size: 0x00075000
File Size:  457728      File Time:  2016-07-16_054306
Version:
   Company:    Microsoft Corporation
   Product:    Microsoft® Windows® Operating System
   FileDesc:   Microsoft UxTheme Library
   FileVer:    10.0.14393.0
   ProdVer:    10.0.14393.0

Module 57
C:\WINDOWS\System32\CRYPTBASE.dll
Image Base: 0x74100000  Image Size: 0x0000a000
File Size:  31528       File Time:  2016-07-16_054250
Version:
   Company:    Microsoft Corporation
   Product:    Microsoft® Windows® Operating System
   FileDesc:   Base cryptographic API DLL
   FileVer:    10.0.14393.0
   ProdVer:    10.0.14393.0

Module 58
C:\WINDOWS\System32\SspiCli.dll
Image Base: 0x74110000  Image Size: 0x0001e000
File Size:  117240      File Time:  2016-09-06_230758
Version:
   Company:    Microsoft Corporation
   Product:    Microsoft® Windows® Operating System
   FileDesc:   Security Support Provider Interface
   FileVer:    10.0.14393.187
   ProdVer:    10.0.14393.187

Module 59
C:\WINDOWS\System32\IMM32.dll
Image Base: 0x741e0000  Image Size: 0x00025000
File Size:  144632      File Time:  2016-07-16_054250
Version:
   Company:    Microsoft Corporation
   Product:    Microsoft® Windows® Operating System
   FileDesc:   Multi-User Windows IMM32 API Client DLL
   FileVer:    10.0.14393.0
   ProdVer:    10.0.14393.0

Module 60
C:\WINDOWS\System32\RPCRT4.dll
Image Base: 0x74210000  Image Size: 0x000c1000
File Size:  790760      File Time:  2016-08-05_221746
Version:
   Company:    Microsoft Corporation
   Product:    Microsoft® Windows® Operating System
   FileDesc:   Remote Procedure Call Runtime
   FileVer:    10.0.14393.82
   ProdVer:    10.0.14393.82

Module 61
C:\WINDOWS\System32\MSCTF.dll
Image Base: 0x742e0000  Image Size: 0x00135000
File Size:  1263856     File Time:  2016-11-02_050122
Version:
   Company:    Microsoft Corporation
   Product:    Microsoft® Windows® Operating System
   FileDesc:   MSCTF Server DLL
   FileVer:    10.0.14393.447
   ProdVer:    10.0.14393.447

Module 62
C:\WINDOWS\System32\NSI.dll
Image Base: 0x74480000  Image Size: 0x00007000
File Size:  20152       File Time:  2016-07-16_054228
Version:
   Company:    Microsoft Corporation
   Product:    Microsoft® Windows® Operating System
   FileDesc:   NSI User-mode interface DLL
   FileVer:    10.0.14393.0
   ProdVer:    10.0.14393.0

Module 63
C:\WINDOWS\System32\SETUPAPI.dll
Image Base: 0x74490000  Image Size: 0x0040b000
File Size:  4268368     File Time:  2016-07-16_054246
Version:
   Company:    Microsoft Corporation
   Product:    Microsoft® Windows® Operating System
   FileDesc:   Windows Setup API
   FileVer:    10.0.14393.0
   ProdVer:    10.0.14393.0

Module 64
C:\WINDOWS\System32\win32u.dll
Image Base: 0x748a0000  Image Size: 0x00015000
File Size:  79536       File Time:  2016-08-01_224722
Version:
   Company:    Microsoft Corporation
   Product:    Microsoft® Windows® Operating System
   FileDesc:   Win32u
   FileVer:    10.0.14393.51
   ProdVer:    10.0.14393.51

Module 65
C:\WINDOWS\System32\GDI32.dll
Image Base: 0x748c0000  Image Size: 0x0002b000
File Size:  170960      File Time:  2016-09-15_112320
Version:
   Company:    Microsoft Corporation
   Product:    Microsoft® Windows® Operating System
   FileDesc:   GDI Client DLL
   FileVer:    10.0.14393.206
   ProdVer:    10.0.14393.206

Module 66
C:\WINDOWS\System32\PSAPI.DLL
Image Base: 0x748f0000  Image Size: 0x00006000
File Size:  17048       File Time:  2016-07-16_054246
Version:
   Company:    Microsoft Corporation
   Product:    Microsoft® Windows® Operating System
   FileDesc:   Process Status Helper
   FileVer:    10.0.14393.0
   ProdVer:    10.0.14393.0

Module 67
C:\WINDOWS\System32\msvcrt.dll
Image Base: 0x74900000  Image Size: 0x000be000
File Size:  773168      File Time:  2016-07-16_054250
Version:
   Company:    Microsoft Corporation
   Product:    Microsoft® Windows® Operating System
   FileDesc:   Windows NT CRT DLL
   FileVer:    7.0.14393.0
   ProdVer:    10.0.14393.0

Module 68
C:\WINDOWS\System32\profapi.dll
Image Base: 0x74ab0000  Image Size: 0x0000f000
File Size:  54752       File Time:  2016-07-16_054250
Version:
   Company:    Microsoft Corporation
   Product:    Microsoft® Windows® Operating System
   FileDesc:   User Profile Basic API
   FileVer:    10.0.14393.0
   ProdVer:    10.0.14393.0

Module 69
C:\WINDOWS\System32\msvcp_win.dll
Image Base: 0x74ac0000  Image Size: 0x0007b000
File Size:  498408      File Time:  2016-07-16_054256
Version:
   Company:    Microsoft Corporation
   Product:    Microsoft® Windows® Operating System
   FileDesc:   Microsoft® C Runtime Library
   FileVer:    10.0.14393.0
   ProdVer:    10.0.14393.0

Module 70
C:\WINDOWS\System32\ole32.dll
Image Base: 0x74b50000  Image Size: 0x000ea000
File Size:  959112      File Time:  2016-11-02_050514
Version:
   Company:    Microsoft Corporation
   Product:    Microsoft® Windows® Operating System
   FileDesc:   Microsoft OLE for Windows
   FileVer:    10.0.14393.447
   ProdVer:    10.0.14393.447

Module 71
C:\WINDOWS\System32\ucrtbase.dll
Image Base: 0x74c40000  Image Size: 0x000e0000
File Size:  918304      File Time:  2016-07-16_054256
Version:
   Company:    Microsoft Corporation
   Product:    Microsoft® Windows® Operating System
   FileDesc:   Microsoft® C Runtime Library
   FileVer:    10.0.14393.0
   ProdVer:    10.0.14393.0

Module 72
C:\WINDOWS\System32\cfgmgr32.dll
Image Base: 0x74d20000  Image Size: 0x00036000
File Size:  213848      File Time:  2016-07-16_054256
Version:
   Company:    Microsoft Corporation
   Product:    Microsoft® Windows® Operating System
   FileDesc:   Configuration Manager DLL
   FileVer:    10.0.14393.0
   ProdVer:    10.0.14393.0

Module 73
C:\WINDOWS\System32\SHELL32.dll
Image Base: 0x74d60000  Image Size: 0x013d9000
File Size:  20969928    File Time:  2016-11-02_050518
Version:
   Company:    Microsoft Corporation
   Product:    Microsoft® Windows® Operating System
   FileDesc:   Windows Shell Common Dll
   FileVer:    10.0.14393.447
   ProdVer:    10.0.14393.447

Module 74
C:\WINDOWS\System32\KERNEL32.DLL
Image Base: 0x76140000  Image Size: 0x000e0000
File Size:  616048      File Time:  2016-07-16_054246
Version:
   Company:    Microsoft Corporation
   Product:    Microsoft® Windows® Operating System
   FileDesc:   Windows NT BASE API Client DLL
   FileVer:    10.0.14393.0
   ProdVer:    10.0.14393.0

Module 75
C:\WINDOWS\System32\KERNELBASE.dll
Image Base: 0x76220000  Image Size: 0x001a1000
File Size:  1705976     File Time:  2016-10-05_040326
Version:
   Company:    Microsoft Corporation
   Product:    Microsoft® Windows® Operating System
   FileDesc:   Windows NT BASE API Client DLL
   FileVer:    10.0.14393.321
   ProdVer:    10.0.14393.321

Module 76
C:\WINDOWS\System32\sechost.dll
Image Base: 0x763d0000  Image Size: 0x00041000
File Size:  255168      File Time:  2016-07-16_054250
Version:
   Company:    Microsoft Corporation
   Product:    Microsoft® Windows® Operating System
   FileDesc:   Host for SCM/SDDL/LSA Lookup APIs
   FileVer:    10.0.14393.0
   ProdVer:    10.0.14393.0

Module 77
C:\WINDOWS\System32\shcore.dll
Image Base: 0x76420000  Image Size: 0x00088000
File Size:  549088      File Time:  2016-07-16_054244
Version:
   Company:    Microsoft Corporation
   Product:    Microsoft® Windows® Operating System
   FileDesc:   SHCORE
   FileVer:    10.0.14393.0
   ProdVer:    10.0.14393.0

Module 78
C:\WINDOWS\System32\kernel.appcore.dll
Image Base: 0x764b0000  Image Size: 0x0000d000
File Size:  43416       File Time:  2016-07-16_054256
Version:
   Company:    Microsoft Corporation
   Product:    Microsoft® Windows® Operating System
   FileDesc:   AppModel API Host
   FileVer:    10.0.14393.0
   ProdVer:    10.0.14393.0

Module 79
C:\WINDOWS\System32\WS2_32.dll
Image Base: 0x764c0000  Image Size: 0x00063000
File Size:  402352      File Time:  2016-09-15_113706
Version:
   Company:    Microsoft Corporation
   Product:    Microsoft® Windows® Operating System
   FileDesc:   Windows Socket 2.0 32-Bit DLL
   FileVer:    10.0.14393.206
   ProdVer:    10.0.14393.206

Module 80
C:\WINDOWS\System32\USER32.dll
Image Base: 0x76530000  Image Size: 0x0015f000
File Size:  1435896     File Time:  2016-10-14_221124
Version:
   Company:    Microsoft Corporation
   Product:    Microsoft® Windows® Operating System
   FileDesc:   Multi-User Windows USER API Client DLL
   FileVer:    10.0.14393.351
   ProdVer:    10.0.14393.351

Module 81
C:\WINDOWS\System32\ADVAPI32.dll
Image Base: 0x76690000  Image Size: 0x00077000
File Size:  482392      File Time:  2016-07-16_054250
Version:
   Company:    Microsoft Corporation
   Product:    Microsoft® Windows® Operating System
   FileDesc:   Advanced Windows 32 Base API
   FileVer:    10.0.14393.0
   ProdVer:    10.0.14393.0

Module 82
C:\WINDOWS\System32\OLEAUT32.dll
Image Base: 0x76710000  Image Size: 0x00094000
File Size:  601712      File Time:  2016-11-02_052300
Version:
   Company:    Microsoft Corporation
   Product:    Microsoft® Windows® Operating System
   FileDesc:   OLEAUT32.DLL
   FileVer:    10.0.14393.447
   ProdVer:    10.0.14393.447

Module 83
C:\WINDOWS\System32\bcryptPrimitives.dll
Image Base: 0x767d0000  Image Size: 0x0005a000
File Size:  367208      File Time:  2016-07-16_054228
Version:
   Company:    Microsoft Corporation
   Product:    Microsoft® Windows® Operating System
   FileDesc:   Windows Cryptographic Primitives Library
   FileVer:    10.0.14393.0
   ProdVer:    10.0.14393.0

Module 84
C:\WINDOWS\System32\combase.dll
Image Base: 0x76830000  Image Size: 0x00211000
File Size:  2166232     File Time:  2016-10-14_221802
Version:
   Company:    Microsoft Corporation
   Product:    Microsoft® Windows® Operating System
   FileDesc:   Microsoft COM for Windows
   FileVer:    10.0.14393.351
   ProdVer:    10.0.14393.351

Module 85
C:\WINDOWS\System32\gdi32full.dll
Image Base: 0x76a50000  Image Size: 0x0015b000
File Size:  1415744     File Time:  2016-11-02_050132
Version:
   Company:    Microsoft Corporation
   Product:    Microsoft® Windows® Operating System
   FileDesc:   GDI Client DLL
   FileVer:    10.0.14393.447
   ProdVer:    10.0.14393.447

Module 86
C:\WINDOWS\System32\SHLWAPI.dll
Image Base: 0x76bb0000  Image Size: 0x00046000
File Size:  284056      File Time:  2016-07-16_054304
Version:
   Company:    Microsoft Corporation
   Product:    Microsoft® Windows® Operating System
   FileDesc:   Shell Light-weight Utility Library
   FileVer:    10.0.14393.0
   ProdVer:    10.0.14393.0

Module 87
C:\WINDOWS\System32\clbcatq.dll
Image Base: 0x76c00000  Image Size: 0x00084000
File Size:  528360      File Time:  2016-07-16_054248
Version:
   Company:    Microsoft Corporation
   Product:    Microsoft® Windows® Operating System
   FileDesc:   COM+ Configuration Catalog
   FileVer:    2001.12.10941.16384
   ProdVer:    10.0.14393.0

Module 88
C:\WINDOWS\System32\powrprof.dll
Image Base: 0x76e00000  Image Size: 0x00045000
File Size:  275832      File Time:  2016-07-16_054256
Version:
   Company:    Microsoft Corporation
   Product:    Microsoft® Windows® Operating System
   FileDesc:   Power Profile Helper DLL
   FileVer:    10.0.14393.0
   ProdVer:    10.0.14393.0

Module 89
C:\WINDOWS\System32\windows.storage.dll
Image Base: 0x77040000  Image Size: 0x0056e000
File Size:  5722320     File Time:  2016-09-15_112242
Version:
   Company:    Microsoft Corporation
   Product:    Microsoft® Windows® Operating System
   FileDesc:   Microsoft WinRT Storage API
   FileVer:    10.0.14393.206
   ProdVer:    10.0.14393.206

Module 90
C:\WINDOWS\SYSTEM32\ntdll.dll
Image Base: 0x77650000  Image Size: 0x00182000
File Size:  1570672     File Time:  2016-11-02_052300
Version:
   Company:    Microsoft Corporation
   Product:    Microsoft® Windows® Operating System
   FileDesc:   NT Layer DLL
   FileVer:    10.0.14393.447
   ProdVer:    10.0.14393.447


== [end of error.log] ==
